[0.131s] colcon DEBUG Command line arguments: ['/usr/bin/colcon', 'list', '-p', '--base-paths', '/home/gabriel/workspaces/omni_control_ws']
[0.131s] colcon DEBUG Parsed command line arguments: Namespace(log_base=None, log_level=None, verb_name='list', build_base='build', ignore_user_meta=False, metas=['./colcon.meta'], base_paths=['/home/gabriel/workspaces/omni_control_ws'], packages_ignore=None, packages_ignore_regex=None, paths=None, packages_up_to=None, packages_up_to_regex=None, packages_above=None, packages_above_and_dependencies=None, packages_above_depth=None, packages_select_by_dep=None, packages_skip_by_dep=None, packages_skip_up_to=None, packages_select_build_failed=False, packages_skip_build_finished=False, packages_select_test_failures=False, packages_skip_test_passed=False, packages_select=None, packages_skip=None, packages_select_regex=None, packages_skip_regex=None, packages_start=None, packages_end=None, allow_overriding=[], topological_order=False, names_only=False, paths_only=True, topological_graph=False, topological_graph_dot=False, topological_graph_density=False, topological_graph_legend=False, topological_graph_dot_cluster=False, topological_graph_dot_include_skipped=False, mixin_files=None, mixin=None, verb_parser=<colcon_mixin.mixin.mixin_argument.MixinArgumentDecorator object at 0x7225df2f2080>, verb_extension=<colcon_package_information.verb.list.ListVerb object at 0x7225df2f0bb0>, main=<bound method ListVerb.main of <colcon_package_information.verb.list.ListVerb object at 0x7225df2f0bb0>>, mixin_verb=('list',))
[0.299s] colcon.colcon_core.package_discovery Level 1 discover_packages(colcon_meta) check parameters
[0.300s] colcon.colcon_core.package_discovery Level 1 discover_packages(recursive) check parameters
[0.300s] colcon.colcon_core.package_discovery Level 1 discover_packages(ignore) check parameters
[0.300s] colcon.colcon_core.package_discovery Level 1 discover_packages(path) check parameters
[0.300s] colcon.colcon_core.package_discovery Level 1 discover_packages(recursive) discover
[0.300s] colcon.colcon_core.package_discovery INFO Crawling recursively for packages in '/home/gabriel/workspaces/omni_control_ws'
[0.300s] colcon.colcon_core.package_identification Level 1 _identify(/home/gabriel/workspaces/omni_control_ws) by extensions ['ignore', 'ignore_ament_install']
[0.300s] colcon.colcon_core.package_identification Level 1 _identify(/home/gabriel/workspaces/omni_control_ws) by extension 'ignore'
[0.300s] colcon.colcon_core.package_identification Level 1 _identify(/home/gabriel/workspaces/omni_control_ws) by extension 'ignore_ament_install'
[0.300s] colcon.colcon_core.package_identification Level 1 _identify(/home/gabriel/workspaces/omni_control_ws) by extensions ['colcon_pkg']
[0.300s] colcon.colcon_core.package_identification Level 1 _identify(/home/gabriel/workspaces/omni_control_ws) by extension 'colcon_pkg'
[0.300s] colcon.colcon_core.package_identification Level 1 _identify(/home/gabriel/workspaces/omni_control_ws) by extensions ['colcon_meta']
[0.300s] colcon.colcon_core.package_identification Level 1 _identify(/home/gabriel/workspaces/omni_control_ws) by extension 'colcon_meta'
[0.300s] colcon.colcon_core.package_identification Level 1 _identify(/home/gabriel/workspaces/omni_control_ws) by extensions ['ros']
[0.300s] colcon.colcon_core.package_identification Level 1 _identify(/home/gabriel/workspaces/omni_control_ws) by extension 'ros'
[0.313s] colcon.colcon_core.package_identification Level 1 _identify(/home/gabriel/workspaces/omni_control_ws) by extensions ['cmake', 'python']
[0.314s] colcon.colcon_core.package_identification Level 1 _identify(/home/gabriel/workspaces/omni_control_ws) by extension 'cmake'
[0.314s] colcon.colcon_core.package_identification Level 1 _identify(/home/gabriel/workspaces/omni_control_ws) by extension 'python'
[0.314s] colcon.colcon_core.package_identification Level 1 _identify(/home/gabriel/workspaces/omni_control_ws) by extensions ['python_setup_py']
[0.314s] colcon.colcon_core.package_identification Level 1 _identify(/home/gabriel/workspaces/omni_control_ws) by extension 'python_setup_py'
[0.314s] colcon.colcon_core.package_identification Level 1 _identify(/home/gabriel/workspaces/omni_control_ws/log) by extensions ['ignore', 'ignore_ament_install']
[0.314s] colcon.colcon_core.package_identification Level 1 _identify(/home/gabriel/workspaces/omni_control_ws/log) by extension 'ignore'
[0.314s] colcon.colcon_core.package_identification Level 1 _identify(/home/gabriel/workspaces/omni_control_ws/log) ignored
[0.314s] colcon.colcon_core.package_identification Level 1 _identify(/home/gabriel/workspaces/omni_control_ws/src) by extensions ['ignore', 'ignore_ament_install']
[0.314s] colcon.colcon_core.package_identification Level 1 _identify(/home/gabriel/workspaces/omni_control_ws/src) by extension 'ignore'
[0.314s] colcon.colcon_core.package_identification Level 1 _identify(/home/gabriel/workspaces/omni_control_ws/src) by extension 'ignore_ament_install'
[0.314s] colcon.colcon_core.package_identification Level 1 _identify(/home/gabriel/workspaces/omni_control_ws/src) by extensions ['colcon_pkg']
[0.314s] colcon.colcon_core.package_identification Level 1 _identify(/home/gabriel/workspaces/omni_control_ws/src) by extension 'colcon_pkg'
[0.314s] colcon.colcon_core.package_identification Level 1 _identify(/home/gabriel/workspaces/omni_control_ws/src) by extensions ['colcon_meta']
[0.314s] colcon.colcon_core.package_identification Level 1 _identify(/home/gabriel/workspaces/omni_control_ws/src) by extension 'colcon_meta'
[0.314s] colcon.colcon_core.package_identification Level 1 _identify(/home/gabriel/workspaces/omni_control_ws/src) by extensions ['ros']
[0.314s] colcon.colcon_core.package_identification Level 1 _identify(/home/gabriel/workspaces/omni_control_ws/src) by extension 'ros'
[0.315s] colcon.colcon_core.package_identification Level 1 _identify(/home/gabriel/workspaces/omni_control_ws/src) by extensions ['cmake', 'python']
[0.315s] colcon.colcon_core.package_identification Level 1 _identify(/home/gabriel/workspaces/omni_control_ws/src) by extension 'cmake'
[0.315s] colcon.colcon_core.package_identification Level 1 _identify(/home/gabriel/workspaces/omni_control_ws/src) by extension 'python'
[0.315s] colcon.colcon_core.package_identification Level 1 _identify(/home/gabriel/workspaces/omni_control_ws/src) by extensions ['python_setup_py']
[0.315s] colcon.colcon_core.package_identification Level 1 _identify(/home/gabriel/workspaces/omni_control_ws/src) by extension 'python_setup_py'
[0.315s] colcon.colcon_core.package_identification Level 1 _identify(/home/gabriel/workspaces/omni_control_ws/src/omni_control_base) by extensions ['ignore', 'ignore_ament_install']
[0.315s] colcon.colcon_core.package_identification Level 1 _identify(/home/gabriel/workspaces/omni_control_ws/src/omni_control_base) by extension 'ignore'
[0.315s] colcon.colcon_core.package_identification Level 1 _identify(/home/gabriel/workspaces/omni_control_ws/src/omni_control_base) by extension 'ignore_ament_install'
[0.315s] colcon.colcon_core.package_identification Level 1 _identify(/home/gabriel/workspaces/omni_control_ws/src/omni_control_base) by extensions ['colcon_pkg']
[0.315s] colcon.colcon_core.package_identification Level 1 _identify(/home/gabriel/workspaces/omni_control_ws/src/omni_control_base) by extension 'colcon_pkg'
[0.315s] colcon.colcon_core.package_identification Level 1 _identify(/home/gabriel/workspaces/omni_control_ws/src/omni_control_base) by extensions ['colcon_meta']
[0.315s] colcon.colcon_core.package_identification Level 1 _identify(/home/gabriel/workspaces/omni_control_ws/src/omni_control_base) by extension 'colcon_meta'
[0.315s] colcon.colcon_core.package_identification Level 1 _identify(/home/gabriel/workspaces/omni_control_ws/src/omni_control_base) by extensions ['ros']
[0.315s] colcon.colcon_core.package_identification Level 1 _identify(/home/gabriel/workspaces/omni_control_ws/src/omni_control_base) by extension 'ros'
[0.318s] colcon.colcon_core.package_identification DEBUG Package '/home/gabriel/workspaces/omni_control_ws/src/omni_control_base' with type 'ros.ament_python' and name 'omni_control_base'
[0.318s] colcon.colcon_core.package_discovery Level 1 discover_packages(recursive) using defaults
